\BOOKMARK [0][-]{chapter*.1}{\376\377\000L\036\335\000i\000\040\000m\036\337\000\040\001\021\036\247\000u}{}% 1
\BOOKMARK [-1][-]{part.1}{\376\377\000I\000\040\000N\036\277\000p\000\040\000H\036\315\000c\000\040\000v\000\340\000\040\000K\036\367\000\040\000L\000u\036\255\000t}{}% 2
\BOOKMARK [0][-]{chapter.1}{\376\377\000M\000\352\000\040\000T\000r\000a\000i\000\040\000M\000\352\000\040\000G\000\341\000i\000,\000\040\001\020\000\341\000n\000h\000\040\000M\036\245\000t\000\040\000T\001\260\001\241\000n\000g\000\040\000L\000a\000i}{part.1}% 3
\BOOKMARK [0][-]{chapter.2}{\376\377\000T\000h\000\341\000i\000\040\001\020\036\331\000\040\000H\036\315\000c\000\040\000T\036\255\000p}{part.1}% 4
\BOOKMARK [0][-]{chapter.3}{\376\377\000C\000h\000u\000y\000\352\000n\000\040\000C\036\247\000n\000\040\000V\000\340\000\040\001\020\000i\000\040\000M\000u\036\331\000n}{part.1}% 5
\BOOKMARK [0][-]{chapter.4}{\376\377\000K\000i\036\303\000m\000\040\000T\000r\000a\000\040\000V\000\340\000\040\000T\000h\000i\000\040\000C\036\355}{part.1}% 6
\BOOKMARK [0][-]{chapter.5}{\376\377\000V\000i\036\277\000t\000\040\000B\000\340\000i\000\040\000V\000\340\000\040\000V\001\003\000n\000\040\000M\036\253\000u}{part.1}% 7
\BOOKMARK [0][-]{chapter.6}{\376\377\000H\036\315\000c\000\040\000T\000h\000\352\000m\000\040\000H\036\315\000c\000\040\000N\000h\000\363\000m}{part.1}% 8
\BOOKMARK [0][-]{chapter.7}{\376\377\000Y\000\352\000u\000\040\001\020\001\260\001\241\000n\000g\000\040\000T\000u\036\325\000i\000\040\000H\036\315\000c\000\040\000T\000r\000\362}{part.1}% 9
\BOOKMARK [0][-]{chapter.8}{\376\377\001\020\000i\036\307\000n\000\040\000T\000h\000o\036\241\000i\000\040\000V\000\340\000\040\000M\036\241\000n\000g\000\040\000X\000\343\000\040\000H\036\331\000i}{part.1}% 10
\BOOKMARK [0][-]{chapter.9}{\376\377\000B\036\241\000n\000\040\000B\000\350\000,\000\040\000T\036\325\000\040\000T\000r\001\260\036\337\000n\000g\000,\000\040\000C\000\341\000n\000\040\000S\036\361}{part.1}% 11
\BOOKMARK [0][-]{chapter.10}{\376\377\000G\000i\000\341\000o\000\040\000V\000i\000\352\000n\000\040\000V\000\340\000\040\000N\000h\036\357\000n\000g\000\040\000C\000\372\000\040\000N\000g\000\343\000\040\000N\000g\036\361\000a}{part.1}% 12
\BOOKMARK [0][-]{chapter.11}{\376\377\000C\000u\036\321\000i\000\040\000C\036\245\000p\000\040\000M\036\331\000n\000g\000\040\000M\001\241\000\040\000H\000o\036\243\000n\000g\000\040\000H\036\321\000t}{part.1}% 13
\BOOKMARK [-1][-]{part.2}{\376\377\000I\000I\000\040\000B\000\340\000i\000\040\000V\036\337\000,\000\040\001\020\000i\036\303\000m\000\040\000S\036\321\000\040\000v\000\340\000\040\000N\000h\036\357\000n\000g\000\040\000C\000\372\000\040\000T\000r\001\260\036\343\000t\000\040\000N\000h\036\271}{}% 14
\BOOKMARK [0][-]{chapter.12}{\376\377\001\020\036\323\000n\000g\000\040\000P\000h\036\345\000c\000\040\000V\000\340\000\040\000N\036\301\000\040\000N\036\277\000p}{part.2}% 15
\BOOKMARK [0][-]{chapter.13}{\376\377\000N\000g\036\347\000\040\000G\036\255\000t\000\040\000T\000r\000o\000n\000g\000\040\000G\000i\036\335}{part.2}% 16
\BOOKMARK [0][-]{chapter.14}{\376\377\000P\000h\000\341\000t\000\040\000B\000i\036\303\000u\000\040\000L\000\352\000n\000\040\000B\036\243\000n\000g}{part.2}% 17
\BOOKMARK [0][-]{chapter.15}{\376\377\000B\036\241\000n\000\040\000C\000\371\000n\000g\000\040\000B\000\340\000n\000\040\001\020\036\325\000i\000\040\000C\000h\036\327}{part.2}% 18
\BOOKMARK [0][-]{chapter.16}{\376\377\000H\036\315\000c\000\040\000L\036\307\000c\000h\000\040\000M\000\364\000n\000\040\000T\001\260\001\241\000n\000g\000\040\000K\000h\036\257\000c}{part.2}% 19
\BOOKMARK [0][-]{chapter.17}{\376\377\000T\000h\036\303\000\040\000D\036\345\000c\000\040\000Q\000u\036\321\000c\000\040\000P\000h\000\362\000n\000g\000\040\000T\000h\036\361\000c\000\040\000H\000\340\000n\000h}{part.2}% 20
\BOOKMARK [0][-]{chapter.18}{\376\377\000H\036\315\000p\000\040\000P\000h\036\345\000\040\000H\000u\000y\000n\000h\000,\000\040\000S\036\325\000\040\000L\000i\000\352\000n\000\040\000L\036\241\000c}{part.2}% 21
\BOOKMARK [0][-]{chapter.19}{\376\377\000N\036\331\000i\000\040\000Q\000u\000y\000\040\000G\000i\036\245\000y\000\040\000K\000i\036\303\000m\000\040\001\020\000i\036\303\000m}{part.2}% 22
\BOOKMARK [0][-]{chapter.20}{\376\377\000C\001\003\000n\000g\000\040\000T\000i\000n\000\040\000G\000i\036\335\000\040\000R\000a\000\040\000C\000h\001\241\000i}{part.2}% 23
\BOOKMARK [-1][-]{part.3}{\376\377\000I\000I\000I\000\040\000Y\000\352\000u\000\040\001\020\001\260\001\241\000n\000g\000,\000\040\000M\001\241\000\040\000M\036\331\000n\000g\000\040\000v\000\340\000\040\000T\000\342\000m\000\040\000T\000r\000\355\000\040\000B\000a\000y\000\040\000X\000a}{}% 24
\BOOKMARK [0][-]{chapter.21}{\376\377\000Y\000\352\000u\000\040\000T\000h\036\247\000m\000\040\000B\036\241\000n\000\040\000C\000\371\000n\000g\000\040\000L\036\333\000p}{part.3}% 25
\BOOKMARK [0][-]{chapter.22}{\376\377\000N\000h\036\257\000n\000\040\000T\000i\000n\000\040\000X\000u\000y\000\352\000n\000\040\001\020\000\352\000m}{part.3}% 26
\BOOKMARK [0][-]{chapter.23}{\376\377\000C\000r\000u\000s\000h\000\040\000V\000\340\000\040\001\020\036\343\000i\000\040\000C\000h\036\335}{part.3}% 27
\BOOKMARK [0][-]{chapter.24}{\376\377\000M\001\241\000\040\000M\036\331\000n\000g\000\040\000T\000r\000o\000n\000g\000\040\000G\000i\036\335}{part.3}% 28
\BOOKMARK [0][-]{chapter.25}{\376\377\000M\001\241\000\040\000M\036\331\000n\000g\000\040\000T\001\260\001\241\000n\000g\000\040\000L\000a\000i}{part.3}% 29
\BOOKMARK [0][-]{chapter.26}{\376\377\000K\000h\000\364\000n\000g\000\040\000C\000h\000\351\000p\000\040\000B\000\340\000i}{part.3}% 30
\BOOKMARK [0][-]{chapter.27}{\376\377\000V\036\337\000\040\000S\036\241\000c\000h\000\040\000V\000\340\000\040\000C\000h\036\357\000\040\001\020\036\271\000p}{part.3}% 31
\BOOKMARK [0][-]{chapter.28}{\376\377\000K\000h\000\364\000n\000g\000\040\000T\036\255\000p\000\040\000T\000r\000u\000n\000g}{part.3}% 32
\BOOKMARK [0][-]{chapter.29}{\376\377\000N\000\363\000i\000\040\000N\000h\000i\036\301\000u\000\040\000X\000u\000y\000\352\000n\000\040\000T\000i\036\277\000t}{part.3}% 33
\BOOKMARK [-1][-]{part.4}{\376\377\000I\000V\000\040\000T\000o\000\341\000n\000,\000\040\000N\036\327\000i\000\040\000S\036\343\000\040\000v\000\340\000\040\000N\000h\036\357\000n\000g\000\040\000C\001\241\000n\000\040\000T\036\361\000\040\000\301\000i\000\040\000H\036\315\000c\000\040\001\020\001\260\036\335\000n\000g}{}% 34
\BOOKMARK [0][-]{chapter.30}{\376\377\000T\000\341\000m\000\040\000C\000h\000u\000y\036\307\000n\000\040\000C\000u\036\321\000i\000\040\000B\000\340\000n}{part.4}% 35
\BOOKMARK [0][-]{chapter.31}{\376\377\000K\000h\000\364\000n\000g\000\040\000T\000h\000\355\000c\000h\000\040\000M\000\364\000n\000\040\000T\000o\000\341\000n}{part.4}% 36
\BOOKMARK [0][-]{chapter.32}{\376\377\000T\000o\000\341\000n\000\040\000H\036\315\000c\000\040\000V\000\364\000\040\000T\036\331\000i}{part.4}% 37
\BOOKMARK [0][-]{chapter.33}{\376\377\000S\036\343\000\040\000G\000i\000a\000o\000\040\000V\000i\000\352\000n\000\040\000T\000o\000\341\000n}{part.4}% 38
\BOOKMARK [0][-]{chapter.34}{\376\377\000M\036\245\000t\000\040\000G\036\321\000c\000\040\000T\001\260\000\040\000D\000u\000y\000\040\000S\036\321\000\040\000H\036\315\000c}{part.4}% 39
\BOOKMARK [0][-]{chapter.35}{\376\377\000H\036\315\000c\000\040\000T\000h\000\352\000m\000\040\000T\000o\000\341\000n\000\040\000N\000h\001\260\000\040\000P\000h\000i\000\352\000u\000\040\000L\001\260\000u}{part.4}% 40
\BOOKMARK [0][-]{chapter.36}{\376\377\000T\000h\036\245\000t\000\040\000T\000\354\000n\000h\000\040\001\020\000\372\000n\000g\000\040\000M\000\371\000a\000\040\000T\000h\000i}{part.4}% 41
\BOOKMARK [0][-]{chapter.37}{\376\377\000T\000h\036\243\000\040\000T\000h\000\355\000n\000h\000\040\000B\036\261\000n\000g\000\040\000G\000i\036\245\000y\000\040\000N\000o\000t\000e}{part.4}% 42
\BOOKMARK [0][-]{chapter.38}{\376\377\000T\001\260\036\337\000n\000g\000\040\000M\000\354\000n\000h\000\040\000S\036\275\000\040\000N\036\325\000i\000\040\000M\000\340\000\040\000K\000h\000\364\000n\000g}{part.4}% 43
\BOOKMARK [0][-]{chapter.39}{\376\377\000T\000u\036\325\000i\000\040\000H\036\315\000c\000\040\000T\000r\000\362\000\040\000V\000\340\000\040\000C\000\341\000c\000\040\000C\000\372\000\040\000N\000g\000\364\000\040\000N\000g\000h\000\352}{part.4}% 44
\BOOKMARK [-1][-]{part.5}{\376\377\000V\000\040\000T\000r\000\354\000\040\000H\000o\000\343\000n\000\040\000v\000\340\000\040\000Q\000u\000\352\000n\000\040\000T\000r\001\260\036\333\000c\000\040\000Q\000u\000\352\000n\000\040\000S\000a\000u}{}% 45
\BOOKMARK [0][-]{chapter.40}{\376\377\000C\000h\036\255\000m\000\040\000M\036\337\000\040\000V\036\337}{part.5}% 46
\BOOKMARK [0][-]{chapter.41}{\376\377\000H\036\351\000a\000\040\000H\036\315\000c\000\040\000T\036\353\000\040\000T\000h\036\351\000\040\000H\000a\000i}{part.5}% 47
\BOOKMARK [0][-]{chapter.42}{\376\377\000H\036\315\000c\000\040\000T\000h\000e\000o\000\040\000M\000o\000o\000d}{part.5}% 48
\BOOKMARK [0][-]{chapter.43}{\376\377\000L\000\340\000m\000\040\000B\000\340\000i\000\040\000P\000h\000\372\000t\000\040\000C\000h\000\363\000t}{part.5}% 49
\BOOKMARK [0][-]{chapter.44}{\376\377\000X\000i\000n\000\040\000G\000i\000a\000\040\000H\036\241\000n\000\040\000N\036\331\000p\000\040\000B\000\340\000i}{part.5}% 50
\BOOKMARK [0][-]{chapter.45}{\376\377\000Q\000u\000\352\000n\000\040\000B\000\372\000t\000\040\000Q\000u\000\352\000n\000\040\000T\000h\001\260\036\333\000c}{part.5}% 51
\BOOKMARK [0][-]{chapter.46}{\376\377\000Q\000u\000\352\000n\000\040\000M\000a\000n\000g\000\040\000S\000\341\000c\000h}{part.5}% 52
\BOOKMARK [0][-]{chapter.47}{\376\377\000C\000h\036\335\000\040\000B\036\241\000n\000\040\000N\000h\036\257\000c\000\040\000M\036\333\000i\000\040\000L\000\340\000m}{part.5}% 53
\BOOKMARK [0][-]{chapter.48}{\376\377\001\020\036\315\000c\000\040\001\020\036\301\000\040\000L\001\260\036\333\000t}{part.5}% 54
\BOOKMARK [0][-]{chapter.49}{\376\377\000K\000h\000o\000a\000n\000h\000\040\000B\036\353\000a\000\040\000C\036\247\000u\000\040\000M\000a\000y}{part.5}% 55
\BOOKMARK [-1][-]{part.6}{\376\377\000V\000I\000\040\000N\000g\036\323\000i\000\040\000T\000r\000o\000n\000g\000\040\000L\036\333\000p\000\040\000M\000\340\000\040\000T\000\342\000m\000\040\001\020\000i\000\040\000C\000h\036\327\000\040\000K\000h\000\341\000c}{}% 56
\BOOKMARK [0][-]{chapter.50}{\376\377\000T\000h\000\355\000c\000h\000\040\000N\000g\036\323\000i\000\040\000C\000u\036\321\000i\000\040\000L\036\333\000p}{part.6}% 57
\BOOKMARK [0][-]{chapter.51}{\376\377\000C\000h\036\315\000n\000\040\000C\000h\036\327\000\040\000G\036\247\000n\000\040\000Q\000u\036\241\000t}{part.6}% 58
\BOOKMARK [0][-]{chapter.52}{\376\377\001\020\036\325\000i\000\040\000C\000h\036\327\000\040\001\020\036\303\000\040\000T\000\341\000m}{part.6}% 59
\BOOKMARK [0][-]{chapter.53}{\376\377\000N\000\351\000\040\000\301\000n\000h\000\040\000M\036\257\000t\000\040\000T\000h\036\247\000y\000\040\000C\000\364}{part.6}% 60
\BOOKMARK [0][-]{chapter.54}{\376\377\000G\000i\036\245\000u\000\040\001\020\000i\036\307\000n\000\040\000T\000h\000o\036\241\000i\000\040\000D\001\260\036\333\000i\000\040\000B\000\340\000n}{part.6}% 61
\BOOKMARK [0][-]{chapter.55}{\376\377\000G\000i\036\243\000\040\000V\036\335\000\040\000G\000h\000i\000\040\000B\000\340\000i}{part.6}% 62
\BOOKMARK [0][-]{chapter.56}{\376\377\000G\036\255\000t\000\040\001\020\036\247\000u\000\040\000C\000h\000o\000\040\000C\000\363}{part.6}% 63
\BOOKMARK [0][-]{chapter.57}{\376\377\000H\036\317\000i\000\040\000L\036\241\000i\000\040\000D\000\371\000\040\000V\036\353\000a\000\040\000G\000i\036\243\000n\000g}{part.6}% 64
\BOOKMARK [0][-]{chapter.58}{\376\377\000N\000h\000\354\000n\000\040\001\020\036\323\000n\000g\000\040\000H\036\323\000\040\000L\000i\000\352\000n\000\040\000T\036\345\000c}{part.6}% 65
\BOOKMARK [0][-]{chapter.59}{\376\377\000N\000g\000h\000e\000\040\000T\000r\036\321\000n\000g\000\040\000L\000\340\000\040\000T\036\311\000n\000h}{part.6}% 66
\BOOKMARK [-1][-]{part.7}{\376\377\000V\000I\000I\000\040\001\020\036\347\000\040\000C\000h\000i\000\352\000u\000\040\000N\000\351\000\040\000T\000i\036\277\000t\000\040\000v\000\340\000\040\000K\000\351\000o\000\040\000D\000\340\000i\000\040\000G\000i\036\335\000\040\000C\000h\001\241\000i}{}% 67
\BOOKMARK [0][-]{chapter.60}{\376\377\000X\000i\000n\000\040\001\020\000i\000\040\000V\036\307\000\040\000S\000i\000n\000h\000\040\001\020\000\372\000n\000g\000\040\000L\000\372\000c}{part.7}% 68
\BOOKMARK [0][-]{chapter.61}{\376\377\000M\001\260\036\343\000n\000\040\001\020\036\323\000\040\000H\036\315\000c\000\040\000L\000i\000\352\000n\000\040\000T\036\345\000c}{part.7}% 69
\BOOKMARK [0][-]{chapter.62}{\376\377\001\002\000n\000\040\000V\036\345\000n\000g\000\040\000T\000r\000o\000n\000g\000\040\000G\000i\036\335}{part.7}% 70
\BOOKMARK [0][-]{chapter.63}{\376\377\000N\000g\036\347\000\040\000B\000\371\000\040\000T\000i\036\277\000t\000\040\001\020\036\247\000u}{part.7}% 71
\BOOKMARK [0][-]{chapter.64}{\376\377\000K\000\351\000o\000\040\000D\000\340\000i\000\040\000G\000i\036\335\000\040\000R\000a\000\040\000C\000h\001\241\000i}{part.7}% 72
\BOOKMARK [0][-]{chapter.65}{\376\377\001\020\000i\000\040\000T\000r\036\305\000\040\000C\000\363\000\040\000K\036\313\000c\000h\000\040\000B\036\243\000n}{part.7}% 73
\BOOKMARK [0][-]{chapter.66}{\376\377\000N\036\331\000p\000\040\000B\000\340\000i\000\040\000X\000o\000n\000g\000\040\000M\036\333\000i\000\040\000L\000o}{part.7}% 74
\BOOKMARK [0][-]{chapter.67}{\376\377\000L\000\340\000m\000\040\000K\000h\000\371\000n\000g\000\040\000L\000\340\000m\000\040\001\020\000i\000\352\000n}{part.7}% 75
\BOOKMARK [0][-]{chapter.68}{\376\377\000C\001\260\036\335\000i\000\040\000T\000r\001\260\036\333\000c\000\040\000C\036\243\000\040\000L\036\333\000p}{part.7}% 76
\BOOKMARK [0][-]{chapter.69}{\376\377\000B\000u\000\364\000n\000\040\000C\000h\000u\000y\036\307\000n\000\040\000N\000h\000\363\000m\000\040\000C\000h\000a\000t}{part.7}% 77
\BOOKMARK [-1][-]{part.8}{\376\377\000V\000I\000I\000I\000\040\000\301\000p\000\040\000L\036\361\000c\000\040\000K\000i\036\303\000m\000\040\000T\000r\000a\000\040\000v\000\340\000\040\000L\036\335\000i\000\040\000H\036\351\000a\000\040\001\020\036\325\000i\000\040\001\020\036\335\000i}{}% 78
\BOOKMARK [0][-]{chapter.70}{\376\377\000S\036\343\000\040\000K\000i\036\303\000m\000\040\000T\000r\000a\000\040\000M\000i\036\307\000n\000g}{part.8}% 79
\BOOKMARK [0][-]{chapter.71}{\376\377\000R\000u\000n\000\040\000K\000h\000i\000\040\000L\000\352\000n\000\040\000B\036\243\000n\000g}{part.8}% 80
\BOOKMARK [0][-]{chapter.72}{\376\377\000H\036\315\000c\000\040\000T\036\347\000\040\000L\036\307\000c\000h\000\040\001\020\036\301}{part.8}% 81
\BOOKMARK [0][-]{chapter.73}{\376\377\000X\000i\000n\000\040\000V\000\355\000a\000\040\000B\036\241\000n\000\040\000G\000i\036\317\000i}{part.8}% 82
\BOOKMARK [0][-]{chapter.74}{\376\377\000X\000e\000m\000\040\001\020\000\341\000p\000\040\000\301\000n\000\040\000T\000r\001\260\036\333\000c\000\040\000K\000h\000i\000\040\000H\000i\036\303\000u}{part.8}% 83
\BOOKMARK [0][-]{chapter.75}{\376\377\000T\036\361\000\040\000K\036\367\000\040\000K\000h\000i\000\040\000R\036\333\000t\000\040\000T\000i\036\277\000t}{part.8}% 84
\BOOKMARK [0][-]{chapter.76}{\376\377\000S\000o\000\040\000S\000\341\000n\000h\000\040\000V\036\333\000i\000\040\000C\000o\000n\000\040\000N\000h\000\340\000\040\000N\000g\001\260\036\335\000i\000\040\000T\000a}{part.8}% 85
\BOOKMARK [0][-]{chapter.77}{\376\377\000C\000h\000e\000\040\001\020\000i\036\303\000m\000\040\000B\036\261\000n\000g\000\040\000T\000a\000y}{part.8}% 86
\BOOKMARK [0][-]{chapter.78}{\376\377\000X\000i\000n\000\040\001\020\000i\036\303\000m\000\040\000C\000u\036\321\000i\000\040\000K\036\363}{part.8}% 87
\BOOKMARK [0][-]{chapter.79}{\376\377\000Q\000u\000y\036\277\000t\000\040\000T\000\342\000m\000\040\000M\036\331\000t\000\040\001\020\000\352\000m}{part.8}% 88
