\BOOKMARK [0][-]{chapter*.1}{\376\377\000L\036\335\000i\000\040\000T\036\361\000a}{}% 1
\BOOKMARK [0][-]{chapter*.2}{\376\377\000H\001\260\036\333\000n\000g\000\040\000D\036\253\000n\000\040\000S\036\355\000\040\000D\036\345\000n\000g}{}% 2
\BOOKMARK [0][-]{chapter.1}{\376\377\000S\036\351\000c\000\040\000M\036\241\000n\000h\000\040\000C\036\347\000a\000\040\000L\000\362\000n\000g\000\040\000B\000i\036\277\000t\000\040\001\240\000N}{}% 3
\BOOKMARK [1][-]{section.1.1}{\376\377\000G\000i\000\341\000\040\000T\000r\036\313\000\040\000T\036\353\000\040\000S\036\361\000\040\000G\000i\036\243\000n\000\040\000D\036\313}{chapter.1}% 4
\BOOKMARK [1][-]{section.1.2}{\376\377\000M\000\363\000n\000\040\000Q\000u\000\340\000\040\000V\000\364\000\040\000G\000i\000\341}{chapter.1}% 5
\BOOKMARK [1][-]{section.1.3}{\376\377\036\244\000m\000\040\000\301\000p\000\040\000T\000\354\000n\000h\000\040\000N\000g\001\260\036\335\000i}{chapter.1}% 6
\BOOKMARK [1][-]{section.1.4}{\376\377\000C\001\241\000m\000\040\000N\000h\000\340}{chapter.1}% 7
\BOOKMARK [1][-]{section.1.5}{\376\377\000N\000i\036\301\000m\000\040\000V\000u\000i\000\040\000N\000h\036\317}{chapter.1}% 8
\BOOKMARK [1][-]{section.1.6}{\376\377\000B\036\257\000t\000\040\001\020\036\247\000u\000\040\000N\000g\000\340\000y\000\040\000M\036\333\000i}{chapter.1}% 9
\BOOKMARK [1][-]{section.1.7}{\376\377\000N\000g\001\260\036\335\000i\000\040\000B\036\241\000n\000\040\000M\036\333\000i}{chapter.1}% 10
\BOOKMARK [1][-]{section.1.8}{\376\377\000L\000a\000n\000\040\000T\036\317\000a\000\040\000N\000i\036\301\000m\000\040\000V\000u\000i}{chapter.1}% 11
\BOOKMARK [1][-]{section.1.9}{\376\377\000S\036\361\000\040\000L\036\267\000n\000g\000\040\000T\000h\036\247\000m}{chapter.1}% 12
\BOOKMARK [1][-]{section.1.10}{\376\377\000T\000h\000i\000\352\000n\000\040\000N\000h\000i\000\352\000n\000\040\000B\000a\000o\000\040\000L\000a}{chapter.1}% 13
\BOOKMARK [0][-]{chapter.2}{\376\377\000S\036\361\000\040\000T\036\361\000\040\000T\000i\000n\000\040\000\050\000C\000o\000n\000f\000i\000d\000e\000n\000c\000e\000\051}{}% 14
\BOOKMARK [1][-]{section.2.1}{\376\377\000G\000i\036\315\000n\000g\000\040\000H\000\341\000t\000\040\000R\000i\000\352\000n\000g}{chapter.2}% 15
\BOOKMARK [1][-]{section.2.2}{\376\377\000C\000h\036\245\000p\000\040\000N\000h\036\255\000n\000\040\000B\036\243\000n\000\040\000T\000h\000\342\000n}{chapter.2}% 16
\BOOKMARK [1][-]{section.2.3}{\376\377\000V\001\260\036\343\000t\000\040\000Q\000u\000a\000\040\000S\036\343\000\040\000H\000\343\000i}{chapter.2}% 17
\BOOKMARK [1][-]{section.2.4}{\376\377\000S\000a\000i\000\040\000L\036\247\000m\000\040\000N\000h\036\317}{chapter.2}% 18
\BOOKMARK [1][-]{section.2.5}{\376\377\000B\001\260\036\333\000c\000\040\000C\000h\000\342\000n\000\040\001\020\036\247\000u\000\040\000T\000i\000\352\000n}{chapter.2}% 19
\BOOKMARK [1][-]{section.2.6}{\376\377\000L\036\335\000i\000\040\001\020\036\331\000n\000g\000\040\000V\000i\000\352\000n}{chapter.2}% 20
\BOOKMARK [1][-]{section.2.7}{\376\377\001\020\036\351\000n\000g\000\040\000T\000r\001\260\036\333\000c\000\040\001\020\000\341\000m\000\040\001\020\000\364\000n\000g}{chapter.2}% 21
\BOOKMARK [1][-]{section.2.8}{\376\377\000K\000h\036\337\000i\000\040\000H\000\340\000n\000h\000\040\000V\036\357\000n\000g\000\040\000V\000\340\000n\000g}{chapter.2}% 22
\BOOKMARK [1][-]{section.2.9}{\376\377\000S\000\341\000n\000g\000\040\000T\036\241\000o\000\040\000V\000\364\000\040\000H\036\241\000n}{chapter.2}% 23
\BOOKMARK [1][-]{section.2.10}{\376\377\000T\036\317\000a\000\040\000S\000\341\000n\000g}{chapter.2}% 24
\BOOKMARK [0][-]{chapter.3}{\376\377\000L\000\362\000n\000g\000\040\000D\001\151\000n\000g\000\040\000C\036\243\000m\000\040\000\050\000C\000o\000u\000r\000a\000g\000e\000\051}{}% 25
\BOOKMARK [1][-]{section.3.1}{\376\377\001\020\000\364\000i\000\040\000C\000\341\000n\000h}{chapter.3}% 26
\BOOKMARK [1][-]{section.3.2}{\376\377\000C\000h\000e\000\040\000C\000h\036\337}{chapter.3}% 27
\BOOKMARK [1][-]{section.3.3}{\376\377\001\020\036\321\000i\000\040\000M\036\267\000t}{chapter.3}% 28
\BOOKMARK [1][-]{section.3.4}{\376\377\000T\000r\000\341\000i\000\040\000T\000i\000m\000\040\000T\000h\036\361\000c}{chapter.3}% 29
\BOOKMARK [1][-]{section.3.5}{\376\377\000M\036\337\000\040\000R\000a\000\040\000C\001\241\000\040\000H\036\331\000i}{chapter.3}% 30
\BOOKMARK [1][-]{section.3.6}{\376\377\000T\000i\036\277\000n\000\040\000B\036\351\000c\000\040\000C\000h\036\255\000m\000\040\000R\000\343\000i}{chapter.3}% 31
\BOOKMARK [1][-]{section.3.7}{\376\377\000C\000h\036\313\000u\000\040\001\020\036\361\000n\000g}{chapter.3}% 32
\BOOKMARK [1][-]{section.3.8}{\376\377\000H\000y\000\040\000S\000i\000n\000h}{chapter.3}% 33
\BOOKMARK [1][-]{section.3.9}{\376\377\000K\000h\000\364\000n\000g\000\040\000N\000g\036\241\000i\000\040\000T\000h\036\355\000\040\000T\000h\000\341\000c\000h}{chapter.3}% 34
\BOOKMARK [1][-]{section.3.10}{\376\377\000N\000h\036\255\000n\000\040\000L\036\327\000i}{chapter.3}% 35
\BOOKMARK [0][-]{chapter.4}{\376\377\000S\036\361\000\040\000C\000h\000i\000a\000\040\000S\036\273\000\040\000\050\000S\000h\000a\000r\000i\000n\000g\000\051}{}% 36
\BOOKMARK [1][-]{section.4.1}{\376\377\000C\000h\000o\000\040\001\020\000i\000\040\000V\000\364\000\040\001\020\000i\036\301\000u\000\040\000K\000i\036\307\000n}{chapter.4}% 37
\BOOKMARK [1][-]{section.4.2}{\376\377\000C\000h\000i\000a\000\040\000V\036\333\000t}{chapter.4}% 38
\BOOKMARK [1][-]{section.4.3}{\376\377\000M\000\363\000n\000\040\000Q\000u\000\340\000\040\000N\000h\036\317}{chapter.4}% 39
\BOOKMARK [1][-]{section.4.4}{\376\377\000S\000o\000i\000\040\000R\036\315\000i}{chapter.4}% 40
\BOOKMARK [1][-]{section.4.5}{\376\377\000M\036\243\000n\000h\000\040\000G\000h\000\351\000p}{chapter.4}% 41
\BOOKMARK [1][-]{section.4.6}{\376\377\000M\036\337\000\040\000M\000a\000n\000g}{chapter.4}% 42
\BOOKMARK [1][-]{section.4.7}{\376\377\000K\000h\000o\036\243\000n\000\040\001\020\000\341\000p\000\040\000L\036\241\000i}{chapter.4}% 43
\BOOKMARK [1][-]{section.4.8}{\376\377\000G\000i\000\372\000p\000\040\001\020\036\341}{chapter.4}% 44
\BOOKMARK [1][-]{section.4.9}{\376\377\000K\000h\000o\036\243\000n\000g\000\040\000K\000h\036\257\000c}{chapter.4}% 45
\BOOKMARK [1][-]{section.4.10}{\376\377\000G\000i\036\357\000\040\000L\036\241\000i\000\040\000H\001\241\000i\000\040\036\244\000m}{chapter.4}% 46
\BOOKMARK [0][-]{chapter.5}{\376\377\000T\000r\000i\036\277\000t\000\040\000L\000\375\000\040\000S\036\321\000n\000g\000\040\000\050\000P\000h\000i\000l\000o\000s\000o\000p\000h\000y\000\040\000o\000f\000\040\000L\000i\000f\000e\000\051}{}% 47
\BOOKMARK [1][-]{section.5.1}{\376\377\000T\000h\000e\000\040\000C\000u\000p\000\040\000o\000f\000\040\000T\000e\000a\000\040\000\050\000T\000\341\000c\000h\000\040\000T\000r\000\340\000\051}{chapter.5}% 48
\BOOKMARK [1][-]{section.5.2}{\376\377\000T\000h\000e\000\040\000T\000w\000o\000\040\000W\000o\000l\000v\000e\000s\000\040\000\050\000H\000a\000i\000\040\000C\000o\000n\000\040\000S\000\363\000i\000\051}{chapter.5}% 49
\BOOKMARK [1][-]{section.5.3}{\376\377\000T\000h\000e\000\040\000H\000e\000a\000v\000y\000\040\000G\000l\000a\000s\000s\000\040\000\050\000L\000y\000\040\000N\001\260\036\333\000c\000\040\000N\036\267\000n\000g\000\051}{chapter.5}% 50
\BOOKMARK [1][-]{section.5.4}{\376\377\000T\000h\000e\000\040\000M\000i\000r\000r\000o\000r\000\040\000i\000n\000\040\000t\000h\000e\000\040\000R\000o\000o\000m\000\040\000\050\000T\036\245\000m\000\040\000G\001\260\001\241\000n\000g\000\051}{chapter.5}% 51
\BOOKMARK [1][-]{section.5.5}{\376\377\000T\000h\000e\000\040\000B\000r\000o\000k\000e\000n\000\040\000V\000a\000s\000e\000\040\000\050\000C\000h\000i\036\277\000c\000\040\000B\000\354\000n\000h\000\040\000V\036\341\000\051}{chapter.5}% 52
\BOOKMARK [1][-]{section.5.6}{\376\377\000T\000h\000e\000\040\000B\000l\000i\000n\000d\000\040\000M\000e\000n\000\040\000a\000n\000d\000\040\000t\000h\000e\000\040\000E\000l\000e\000p\000h\000a\000n\000t\000\040\000\050\000T\000h\036\247\000y\000\040\000B\000\363\000i\000\040\000X\000e\000m\000\040\000V\000o\000i\000\051}{chapter.5}% 53
\BOOKMARK [1][-]{section.5.7}{\376\377\000T\000h\000e\000\040\000F\000o\000o\000t\000p\000r\000i\000n\000t\000s\000\040\000i\000n\000\040\000t\000h\000e\000\040\000S\000a\000n\000d\000\040\000\050\000D\036\245\000u\000\040\000C\000h\000\342\000n\000\040\000T\000r\000\352\000n\000\040\000C\000\341\000t\000\051}{chapter.5}% 54
\BOOKMARK [1][-]{section.5.8}{\376\377\000T\000h\000e\000\040\000E\000m\000p\000t\000y\000\040\000B\000o\000a\000t\000\040\000\050\000C\000h\000i\036\277\000c\000\040\000T\000h\000u\000y\036\301\000n\000\040\000T\000r\036\321\000n\000g\000\051}{chapter.5}% 55
\BOOKMARK [1][-]{section.5.9}{\376\377\000T\000h\000e\000\040\000T\000h\000r\000e\000e\000\040\000Q\000u\000e\000s\000t\000i\000o\000n\000s\000\040\000\050\000B\000a\000\040\000C\000\342\000u\000\040\000H\036\317\000i\000\051}{chapter.5}% 56
\BOOKMARK [1][-]{section.5.10}{\376\377\000T\000h\000e\000\040\000R\000i\000v\000e\000r\000\040\000a\000n\000d\000\040\000t\000h\000e\000\040\000R\000o\000c\000k\000\040\000\050\000S\000\364\000n\000g\000\040\000V\000\340\000\040\001\020\000\341\000\051}{chapter.5}% 57
\BOOKMARK [0][-]{chapter.6}{\376\377\000T\000\354\000n\000h\000\040\000B\036\241\000n\000\040\000\046\000\040\000N\000g\000h\001\051\000a\000\040\000K\000h\000\355\000\040\000\050\000F\000r\000i\000e\000n\000d\000s\000h\000i\000p\000\040\000\046\000\040\000L\000o\000y\000a\000l\000t\000y\000\051}{}% 58
\BOOKMARK [1][-]{section.6.1}{\376\377\000T\000h\000e\000\040\000S\000h\000a\000r\000e\000d\000\040\000U\000m\000b\000r\000e\000l\000l\000a\000\040\000\050\000C\000h\000i\036\277\000c\000\040\000\324\000\040\000C\000h\000u\000n\000g\000\051}{chapter.6}% 59
\BOOKMARK [1][-]{section.6.2}{\376\377\000T\000h\000e\000\040\000S\000i\000l\000e\000n\000t\000\040\000S\000u\000p\000p\000o\000r\000t\000\040\000\050\000S\036\361\000\040\036\346\000n\000g\000\040\000H\036\331\000\040\000L\036\267\000n\000g\000\040\000T\000h\036\247\000m\000\051}{chapter.6}% 60
\BOOKMARK [1][-]{section.6.3}{\376\377\000T\000h\000e\000\040\000B\000r\000o\000k\000e\000n\000\040\000P\000e\000n\000c\000i\000l\000\040\000\050\000C\000h\000i\036\277\000c\000\040\000B\000\372\000t\000\040\000C\000h\000\354\000\040\000G\000\343\000y\000\051}{chapter.6}% 61
\BOOKMARK [1][-]{section.6.4}{\376\377\000T\000h\000e\000\040\000T\000r\000u\000e\000\040\000W\000i\000n\000n\000e\000r\000\040\000\050\000N\000g\000\364\000i\000\040\000V\036\313\000\040\001\020\000\355\000c\000h\000\040\000T\000h\036\361\000c\000\051}{chapter.6}% 62
\BOOKMARK [1][-]{section.6.5}{\376\377\000T\000h\000e\000\040\000L\000o\000s\000t\000\040\000D\000o\000g\000\040\000\050\000C\000h\000\372\000\040\000C\000h\000\363\000\040\000B\036\313\000\040\000L\036\241\000c\000\051}{chapter.6}% 63
\BOOKMARK [1][-]{section.6.6}{\376\377\000T\000h\000e\000\040\000S\000e\000c\000r\000e\000t\000\040\000K\000e\000e\000p\000e\000r\000\040\000\050\000N\000g\001\260\036\335\000i\000\040\000G\000i\036\357\000\040\000B\000\355\000\040\000M\036\255\000t\000\051}{chapter.6}% 64
\BOOKMARK [1][-]{section.6.7}{\376\377\000T\000h\000e\000\040\000H\000e\000a\000v\000y\000\040\000B\000o\000o\000k\000s\000\040\000\050\000N\000h\036\357\000n\000g\000\040\000C\000u\036\321\000n\000\040\000S\000\341\000c\000h\000\040\000N\036\267\000n\000g\000\051}{chapter.6}% 65
\BOOKMARK [1][-]{section.6.8}{\376\377\000T\000h\000e\000\040\000H\000o\000n\000e\000s\000t\000\040\000F\000r\000i\000e\000n\000d\000\040\000\050\000N\000g\001\260\036\335\000i\000\040\000B\036\241\000n\000\040\000T\000r\000u\000n\000g\000\040\000T\000h\036\361\000c\000\051}{chapter.6}% 66
\BOOKMARK [1][-]{section.6.9}{\376\377\000T\000h\000e\000\040\000L\000o\000n\000g\000\040\000D\000i\000s\000t\000a\000n\000c\000e\000\040\000\050\000K\000h\000o\036\243\000n\000g\000\040\000C\000\341\000c\000h\000\051}{chapter.6}% 67
\BOOKMARK [1][-]{section.6.10}{\376\377\000T\000h\000e\000\040\000L\000a\000s\000t\000\040\000S\000l\000i\000c\000e\000\040\000\050\000L\000\341\000t\000\040\000B\000\341\000n\000h\000\040\000C\000u\036\321\000i\000\040\000C\000\371\000n\000g\000\051}{chapter.6}% 68
\BOOKMARK [0][-]{chapter.7}{\376\377\000G\000i\000a\000\040\001\020\000\354\000n\000h\000\040\000\046\000\040\000T\000\354\000n\000h\000\040\000T\000h\001\260\001\241\000n\000g\000\040\000\050\000F\000a\000m\000i\000l\000y\000\040\000\046\000\040\000L\000o\000v\000e\000\051}{}% 69
\BOOKMARK [1][-]{section.7.1}{\376\377\000T\000h\000e\000\040\000W\000a\000r\000m\000\040\000D\000i\000n\000n\000e\000r\000\040\000\050\000B\036\357\000a\000\040\000T\036\321\000i\000\040\036\244\000m\000\040\000\301\000p\000\051}{chapter.7}% 70
\BOOKMARK [1][-]{section.7.2}{\376\377\000T\000h\000e\000\040\000O\000l\000d\000\040\000B\000l\000a\000n\000k\000e\000t\000\040\000\050\000C\000h\000i\036\277\000c\000\040\000C\000h\001\003\000n\000\040\000C\001\151\000\051}{chapter.7}% 71
\BOOKMARK [1][-]{section.7.3}{\376\377\000T\000h\000e\000\040\000B\000r\000o\000k\000e\000n\000\040\000W\000i\000n\000d\000o\000w\000\040\000\050\000C\036\355\000a\000\040\000S\036\325\000\040\000V\036\341\000\051}{chapter.7}% 72
\BOOKMARK [1][-]{section.7.4}{\376\377\000T\000h\000e\000\040\000Q\000u\000i\000e\000t\000\040\000S\000a\000c\000r\000i\000f\000i\000c\000e\000\040\000\050\000S\036\361\000\040\000H\000y\000\040\000S\000i\000n\000h\000\040\000L\036\267\000n\000g\000\040\000T\000h\036\247\000m\000\051}{chapter.7}% 73
\BOOKMARK [1][-]{section.7.5}{\376\377\000T\000h\000e\000\040\000F\000i\000r\000s\000t\000\040\000B\000i\000c\000y\000c\000l\000e\000\040\000\050\000C\000h\000i\036\277\000c\000\040\000X\000e\000\040\001\020\036\241\000p\000\040\001\020\036\247\000u\000\040\000T\000i\000\352\000n\000\051}{chapter.7}% 74
\BOOKMARK [1][-]{section.7.6}{\376\377\000T\000h\000e\000\040\000W\000o\000o\000d\000e\000n\000\040\000B\000o\000w\000l\000\040\000\050\000C\000h\000i\036\277\000c\000\040\000B\000\341\000t\000\040\000G\036\327\000\051}{chapter.7}% 75
\BOOKMARK [1][-]{section.7.7}{\376\377\000T\000h\000e\000\040\000R\000a\000i\000n\000y\000\040\000D\000a\000y\000\040\000\050\000N\000g\000\340\000y\000\040\000M\001\260\000a\000\051}{chapter.7}% 76
\BOOKMARK [1][-]{section.7.8}{\376\377\000T\000h\000e\000\040\000F\000o\000r\000g\000i\000v\000i\000n\000g\000\040\000B\000r\000o\000t\000h\000e\000r\000\040\000\050\000K\000h\000\363\000a\000\040\000C\000h\036\267\000t\000\040\000C\001\003\000m\000\040\000H\036\335\000n\000\051}{chapter.7}% 77
\BOOKMARK [1][-]{section.7.9}{\376\377\000T\000h\000e\000\040\000H\000a\000n\000d\000p\000r\000i\000n\000t\000\040\000\050\000D\036\245\000u\000\040\000B\000\340\000n\000\040\000T\000a\000y\000\051}{chapter.7}% 78
\BOOKMARK [1][-]{section.7.10}{\376\377\000T\000h\000e\000\040\000E\000v\000e\000n\000i\000n\000g\000\040\000W\000a\000l\000k\000\040\000\050\000C\000h\000u\000y\036\277\000n\000\040\001\020\000i\000\040\000D\036\241\000o\000\051}{chapter.7}% 79
\BOOKMARK [0][-]{chapter.8}{\376\377\000K\000i\000\352\000n\000\040\000N\000h\036\253\000n\000\040\000\046\000\040\000T\036\361\000\040\000L\036\255\000p\000\040\000\050\000P\000a\000t\000i\000e\000n\000c\000e\000\040\000a\000n\000d\000\040\000I\000n\000d\000e\000p\000e\000n\000d\000e\000n\000c\000e\000\051}{}% 80
\BOOKMARK [1][-]{section.8.1}{\376\377\000C\000\341\000i\000\040\000K\000\351\000n\000\040\000B\001\260\036\333\000m}{chapter.8}% 81
\BOOKMARK [1][-]{section.8.2}{\376\377\000C\000\342\000y\000\040\000T\000r\000e\000\040\000T\000r\000e\000o\000\040\000M\000\363\000c}{chapter.8}% 82
\BOOKMARK [0][-]{chapter.9}{\376\377\000T\000h\036\277\000\040\000G\000i\036\333\000i\000\040\000Q\000u\000a\000n\000h\000\040\000T\000a\000\040\000\050\000T\000h\000e\000\040\000W\000o\000r\000l\000d\000\040\000A\000r\000o\000u\000n\000d\000\040\000U\000s\000\051}{}% 83
\BOOKMARK [1][-]{section.9.1}{\376\377\001\020\000\363\000a\000\040\000H\000o\000a\000\040\000C\036\347\000a\000\040\000N\000g\001\260\036\335\000i\000\040\000M\000\371}{chapter.9}% 84
\BOOKMARK [0][-]{chapter.10}{\376\377\000T\036\361\000\040\000N\000h\000i\000\352\000n\000\040\000\046\000\040\000B\000\340\000i\000\040\000H\036\315\000c\000\040\000\050\000N\000a\000t\000u\000r\000e\000'\000s\000\040\000L\000e\000s\000s\000o\000n\000s\000\051}{}% 85
\BOOKMARK [1][-]{section.10.1}{\376\377\000C\000\342\000y\000\040\000S\036\323\000i\000\040\000V\000\340\000\040\000C\000\342\000y\000\040\000L\000a\000u}{chapter.10}% 86
\BOOKMARK [0][-]{chapter.11}{\376\377\000M\036\327\000i\000\040\000N\000g\000\340\000y\000\040\000M\036\331\000t\000\040\000C\000\342\000u\000\040\000C\000h\000u\000y\036\307\000n}{}% 87
\BOOKMARK [1][-]{section.11.1}{\376\377\000T\036\243\000n\000g\000\040\001\020\000\341\000\040\000B\036\313\000\040\000B\036\317\000\040\000Q\000u\000\352\000n}{chapter.11}% 88
\BOOKMARK [1][-]{section.11.2}{\376\377\000P\000h\036\243\000n\000\040\036\350\000n\000g\000\040\000V\036\333\000i\000\040\000N\000g\000h\036\313\000c\000h\000\040\000C\036\243\000n\000h}{chapter.11}% 89
\BOOKMARK [1][-]{section.11.3}{\376\377\000R\001\151\000\040\000B\036\317\000\040\000V\000\340\000\040\000B\001\260\036\333\000c\000\040\000L\000\352\000n}{chapter.11}% 90
\BOOKMARK [1][-]{section.11.4}{\376\377\000C\000u\036\331\000c\000\040\000C\000h\000i\036\277\000n\000\040\000N\036\331\000i\000\040\000T\000\342\000m}{chapter.11}% 91
\BOOKMARK [1][-]{section.11.5}{\376\377\000L\000y\000\040\000N\001\260\036\333\000c\000\040\000R\036\327\000n\000g\000\040\000L\036\257\000n\000g\000\040\000N\000g\000h\000e}{chapter.11}% 92
\BOOKMARK [1][-]{section.11.6}{\376\377\000G\000i\000\341\000\040\000T\000r\036\313\000\040\000T\036\353\000\040\000B\000\352\000n\000\040\000T\000r\000o\000n\000g}{chapter.11}% 93
\BOOKMARK [1][-]{section.11.7}{\376\377\000H\000\340\000n\000h\000\040\001\020\036\331\000n\000g\000\040\000N\000h\036\317\000,\000\040\000\335\000\040\000N\000g\000h\001\051\000a\000\040\000L\036\333\000n}{chapter.11}% 94
\BOOKMARK [1][-]{section.11.8}{\376\377\000B\000\354\000n\000h\000\040\000Y\000\352\000n\000\040\000G\000i\036\357\000a\000\040\000T\000\342\000m\000\040\000B\000\343\000o}{chapter.11}% 95
\BOOKMARK [1][-]{section.11.9}{\376\377\000G\000i\000\341\000\040\000T\000r\036\313\000\040\000C\036\347\000a\000\040\000V\000i\036\307\000c\000\040\000N\000g\000h\036\311\000\040\000N\000g\001\241\000i}{chapter.11}% 96
\BOOKMARK [1][-]{section.11.10}{\376\377\000G\000i\000e\000o\000\040\000G\000\354\000\040\000G\036\267\000t\000\040\000N\036\245\000y}{chapter.11}% 97
\BOOKMARK [0][-]{chapter*.4}{\376\377\000P\000h\036\345\000\040\000L\036\345\000c}{}% 98
